
Print kp results:
==========  Result of order = [0]  ==========
Number of independent kp models: 2
-----------------------------------------------------
1-th kp model:
Matrix([[1, 0, 0, 0], [0, 1, 0, 0], [0, 0, 1, 0], [0, 0, 0, 1]])
Basis vector: [1, 0, 0, 0, 0, 0, 0, 0, 0, 0, 0, 0, 0, 0, 0, 0]

Decomposed basis (not symmetric):
Coefficient basis:
1

Matrix basis:
Symbol: Gamma_00   Expression: Matrix([[1, 0, 0, 0], [0, 1, 0, 0], [0, 0, 1, 0], [0, 0, 0, 1]]) 

-----------------------------------------------------
2-th kp model:
Matrix([[1, 0, 0, 0], [0, 1, 0, 0], [0, 0, -1, 0], [0, 0, 0, -1]])
Basis vector: [0, 0, 0, 0, 0, 0, 0, 0, 0, 0, 0, 0, 1, 0, 0, 0]

Decomposed basis (not symmetric):
Coefficient basis:
1

Matrix basis:
Symbol: Gamma_30   Expression: Matrix([[1, 0, 0, 0], [0, 1, 0, 0], [0, 0, -1, 0], [0, 0, 0, -1]]) 

-----------------------------------------------------

==========  Result of order = [1]  ==========
Number of independent kp models: 2
-----------------------------------------------------
1-th kp model:
Matrix([[0, 0, 0, -sqrt(3)*kx/3 - I*kx - ky + sqrt(3)*I*ky/3], [0, 0, sqrt(3)*kx/3 - I*kx + ky + sqrt(3)*I*ky/3, 0], [0, sqrt(3)*kx/3 + I*kx + ky - sqrt(3)*I*ky/3, 0, 0], [-sqrt(3)*kx/3 + I*kx - ky - sqrt(3)*I*ky/3, 0, 0, 0]])
Basis vector: [0, 0, 0, 0, 0, 0, 0, 0, 0, 1, sqrt(3)/3, 0, 0, 0, 0, 0, 0, 0, 0, 0, 0, 0, 0, 0, 0, -sqrt(3)/3, 1, 0, 0, 0, 0, 0, 0, 0, 0, 0, 0, 0, 0, 0, 0, 0, 0, 0, 0, 0, 0, 0]

Decomposed basis (not symmetric):
Coefficient basis:
kx
ky

Matrix basis:
Symbol: Gamma_21 + sqrt(3)/3* Gamma_22   Expression: Matrix([[0, 0, 0, -sqrt(3)/3 - I], [0, 0, sqrt(3)/3 - I, 0], [0, sqrt(3)/3 + I, 0, 0], [-sqrt(3)/3 + I, 0, 0, 0]]) 

Symbol: -sqrt(3)/3* Gamma_21 + Gamma_22   Expression: Matrix([[0, 0, 0, -1 + sqrt(3)*I/3], [0, 0, 1 + sqrt(3)*I/3, 0], [0, 1 - sqrt(3)*I/3, 0, 0], [-1 - sqrt(3)*I/3, 0, 0, 0]]) 

-----------------------------------------------------
2-th kp model:
Matrix([[0, 0, -I*kz, 0], [0, 0, 0, I*kz], [I*kz, 0, 0, 0], [0, -I*kz, 0, 0]])
Basis vector: [0, 0, 0, 0, 0, 0, 0, 0, 0, 0, 0, 0, 0, 0, 0, 0, 0, 0, 0, 0, 0, 0, 0, 0, 0, 0, 0, 0, 0, 0, 0, 0, 0, 0, 0, 0, 0, 0, 0, 0, 0, 0, 0, 1, 0, 0, 0, 0]

Decomposed basis (not symmetric):
Coefficient basis:
kz

Matrix basis:
Symbol: Gamma_23   Expression: Matrix([[0, 0, -I, 0], [0, 0, 0, I], [I, 0, 0, 0], [0, -I, 0, 0]]) 

-----------------------------------------------------

==========  Result of order = [2]  ==========
Number of independent kp models: 4
-----------------------------------------------------
1-th kp model:
Matrix([[kx**2 + ky**2, 0, 0, 0], [0, kx**2 + ky**2, 0, 0], [0, 0, kx**2 + ky**2, 0], [0, 0, 0, kx**2 + ky**2]])
Basis vector: [1, 0, 0, 0, 0, 0, 0, 0, 0, 0, 0, 0, 0, 0, 0, 0, 0, 0, 0, 0, 0, 0, 0, 0, 0, 0, 0, 0, 0, 0, 0, 0, 0, 0, 0, 0, 0, 0, 0, 0, 0, 0, 0, 0, 0, 0, 0, 0, 1, 0, 0, 0, 0, 0, 0, 0, 0, 0, 0, 0, 0, 0, 0, 0, 0, 0, 0, 0, 0, 0, 0, 0, 0, 0, 0, 0, 0, 0, 0, 0, 0, 0, 0, 0, 0, 0, 0, 0, 0, 0, 0, 0, 0, 0, 0, 0]

Decomposed basis (not symmetric):
Coefficient basis:
kx**2 + ky**2

Matrix basis:
Symbol: Gamma_00   Expression: Matrix([[1, 0, 0, 0], [0, 1, 0, 0], [0, 0, 1, 0], [0, 0, 0, 1]]) 

-----------------------------------------------------
2-th kp model:
Matrix([[kx**2 + ky**2, 0, 0, 0], [0, kx**2 + ky**2, 0, 0], [0, 0, -kx**2 - ky**2, 0], [0, 0, 0, -kx**2 - ky**2]])
Basis vector: [0, 0, 0, 0, 0, 0, 0, 0, 0, 0, 0, 0, 1, 0, 0, 0, 0, 0, 0, 0, 0, 0, 0, 0, 0, 0, 0, 0, 0, 0, 0, 0, 0, 0, 0, 0, 0, 0, 0, 0, 0, 0, 0, 0, 0, 0, 0, 0, 0, 0, 0, 0, 0, 0, 0, 0, 0, 0, 0, 0, 1, 0, 0, 0, 0, 0, 0, 0, 0, 0, 0, 0, 0, 0, 0, 0, 0, 0, 0, 0, 0, 0, 0, 0, 0, 0, 0, 0, 0, 0, 0, 0, 0, 0, 0, 0]

Decomposed basis (not symmetric):
Coefficient basis:
kx**2 + ky**2

Matrix basis:
Symbol: Gamma_30   Expression: Matrix([[1, 0, 0, 0], [0, 1, 0, 0], [0, 0, -1, 0], [0, 0, 0, -1]]) 

-----------------------------------------------------
3-th kp model:
Matrix([[kz**2, 0, 0, 0], [0, kz**2, 0, 0], [0, 0, kz**2, 0], [0, 0, 0, kz**2]])
Basis vector: [0, 0, 0, 0, 0, 0, 0, 0, 0, 0, 0, 0, 0, 0, 0, 0, 0, 0, 0, 0, 0, 0, 0, 0, 0, 0, 0, 0, 0, 0, 0, 0, 0, 0, 0, 0, 0, 0, 0, 0, 0, 0, 0, 0, 0, 0, 0, 0, 0, 0, 0, 0, 0, 0, 0, 0, 0, 0, 0, 0, 0, 0, 0, 0, 0, 0, 0, 0, 0, 0, 0, 0, 0, 0, 0, 0, 0, 0, 0, 0, 1, 0, 0, 0, 0, 0, 0, 0, 0, 0, 0, 0, 0, 0, 0, 0]

Decomposed basis (not symmetric):
Coefficient basis:
kz**2

Matrix basis:
Symbol: Gamma_00   Expression: Matrix([[1, 0, 0, 0], [0, 1, 0, 0], [0, 0, 1, 0], [0, 0, 0, 1]]) 

-----------------------------------------------------
4-th kp model:
Matrix([[kz**2, 0, 0, 0], [0, kz**2, 0, 0], [0, 0, -kz**2, 0], [0, 0, 0, -kz**2]])
Basis vector: [0, 0, 0, 0, 0, 0, 0, 0, 0, 0, 0, 0, 0, 0, 0, 0, 0, 0, 0, 0, 0, 0, 0, 0, 0, 0, 0, 0, 0, 0, 0, 0, 0, 0, 0, 0, 0, 0, 0, 0, 0, 0, 0, 0, 0, 0, 0, 0, 0, 0, 0, 0, 0, 0, 0, 0, 0, 0, 0, 0, 0, 0, 0, 0, 0, 0, 0, 0, 0, 0, 0, 0, 0, 0, 0, 0, 0, 0, 0, 0, 0, 0, 0, 0, 0, 0, 0, 0, 0, 0, 0, 0, 1, 0, 0, 0]

Decomposed basis (not symmetric):
Coefficient basis:
kz**2

Matrix basis:
Symbol: Gamma_30   Expression: Matrix([[1, 0, 0, 0], [0, 1, 0, 0], [0, 0, -1, 0], [0, 0, 0, -1]]) 

-----------------------------------------------------
